<?xml version="1.0" encoding="UTF-8"?>
<testng-results ignored="0" total="1" passed="1" failed="0" skipped="0">
  <reporter-output>
  </reporter-output>
  <suite started-at="2020-11-06T19:57:07 IST" name="Suite" finished-at="2020-11-06T19:57:23 IST" duration-ms="16075">
    <groups>
    </groups>
    <test started-at="2020-11-06T19:57:07 IST" name="Test" finished-at="2020-11-06T19:57:23 IST" duration-ms="16075">
      <class name="TestNGTestCases.SampleTC">
        <test-method is-config="true" signature="setUp()[pri:0, instance:TestNGTestCases.SampleTC@140c9f39]" started-at="2020-11-06T19:57:07 IST" name="setUp" finished-at="2020-11-06T19:57:17 IST" duration-ms="9626" status="PASS">
          <reporter-output>
          </reporter-output>
        </test-method> <!-- setUp -->
        <test-method is-config="true" signature="beforeMethod(java.lang.reflect.Method)[pri:0, instance:TestNGTestCases.SampleTC@140c9f39]" started-at="2020-11-06T19:57:17 IST" name="beforeMethod" finished-at="2020-11-06T19:57:17 IST" duration-ms="6" status="PASS">
          <params>
            <param index="0">
              <value>
                <![CDATA[public void TestNGTestCases.SampleTC.TestCase1() throws java.lang.Exception]]>
              </value>
            </param>
          </params>
          <reporter-output>
          </reporter-output>
        </test-method> <!-- beforeMethod -->
        <test-method signature="TestCase1()[pri:0, instance:TestNGTestCases.SampleTC@140c9f39]" started-at="2020-11-06T19:57:17 IST" name="TestCase1" finished-at="2020-11-06T19:57:23 IST" duration-ms="6311" status="PASS">
          <reporter-output>
          </reporter-output>
        </test-method> <!-- TestCase1 -->
        <test-method is-config="true" signature="tearDown()[pri:0, instance:TestNGTestCases.SampleTC@140c9f39]" started-at="2020-11-06T19:57:23 IST" name="tearDown" finished-at="2020-11-06T19:57:23 IST" duration-ms="67" status="PASS">
          <reporter-output>
          </reporter-output>
        </test-method> <!-- tearDown -->
      </class> <!-- TestNGTestCases.SampleTC -->
    </test> <!-- Test -->
  </suite> <!-- Suite -->
</testng-results>
